This is pdfTeX, Version 3.14159265-2.6-1.40.19 (MiKTeX 2.9.6730 64-bit) (preloaded format=pdflatex 2018.8.15)  15 AUG 2018 17:53
entering extended mode
**./presentacion.tex
(presentacion.tex
LaTeX2e <2018-04-01> patch level 5
(bredelebeamer.cls

LaTeX Warning: You have requested document class `bredelebeamer',
               but the document class provides `Bredelebeamer'.

Document Class: Bredelebeamer 17/02/2015, v1.0
("C:\Program Files\MikTex\tex\latex\beamer\beamer.cls"
Document Class: beamer 2018/02/20 v3.50 A class for typesetting presentations
("C:\Program Files\MikTex\tex\latex\beamer\beamerbasemodes.sty"
("C:\Program Files\MikTex\tex\latex\etoolbox\etoolbox.sty"
Package: etoolbox 2018/02/11 v2.5e e-TeX tools for LaTeX (JAW)
\etb@tempcnta=\count80
)
\beamer@tempbox=\box26
\beamer@tempcount=\count81
\c@beamerpauses=\count82

("C:\Program Files\MikTex\tex\latex\beamer\beamerbasedecode.sty"
\beamer@slideinframe=\count83
\beamer@minimum=\count84
)
\beamer@commentbox=\box27
\beamer@modecount=\count85
)
("C:\Program Files\MikTex\tex\generic\oberdiek\ifpdf.sty"
Package: ifpdf 2017/03/15 v3.2 Provides the ifpdf switch
)
\headdp=\dimen102
\footheight=\dimen103
\sidebarheight=\dimen104
\beamer@tempdim=\dimen105
\beamer@finalheight=\dimen106
\beamer@animht=\dimen107
\beamer@animdp=\dimen108
\beamer@animwd=\dimen109
\beamer@leftmargin=\dimen110
\beamer@rightmargin=\dimen111
\beamer@leftsidebar=\dimen112
\beamer@rightsidebar=\dimen113
\beamer@boxsize=\dimen114
\beamer@vboxoffset=\dimen115
\beamer@descdefault=\dimen116
\beamer@descriptionwidth=\dimen117
\beamer@lastskip=\skip41
\beamer@areabox=\box28
\beamer@animcurrent=\box29
\beamer@animshowbox=\box30
\beamer@sectionbox=\box31
\beamer@logobox=\box32
\beamer@linebox=\box33
\beamer@sectioncount=\count86
\beamer@subsubsectionmax=\count87
\beamer@subsectionmax=\count88
\beamer@sectionmax=\count89
\beamer@totalheads=\count90
\beamer@headcounter=\count91
\beamer@partstartpage=\count92
\beamer@sectionstartpage=\count93
\beamer@subsectionstartpage=\count94
\beamer@animationtempa=\count95
\beamer@animationtempb=\count96
\beamer@xpos=\count97
\beamer@ypos=\count98
\beamer@ypos@offset=\count99
\beamer@showpartnumber=\count100
\beamer@currentsubsection=\count101
\beamer@coveringdepth=\count102
\beamer@sectionadjust=\count103
\beamer@tocsectionnumber=\count104

("C:\Program Files\MikTex\tex\latex\beamer\beamerbaseoptions.sty"
("C:\Program Files\MikTex\tex\latex\graphics\keyval.sty"
Package: keyval 2014/10/28 v1.15 key=value parser (DPC)
\KV@toks@=\toks14
))
\beamer@paperwidth=\skip42
\beamer@paperheight=\skip43

("C:\Program Files\MikTex\tex\latex\geometry\geometry.sty"
Package: geometry 2018/04/16 v5.8 Page Geometry

("C:\Program Files\MikTex\tex\generic\oberdiek\ifvtex.sty"
Package: ifvtex 2016/05/16 v1.6 Detect VTeX and its facilities (HO)
Package ifvtex Info: VTeX not detected.
)
("C:\Program Files\MikTex\tex\generic\ifxetex\ifxetex.sty"
Package: ifxetex 2010/09/12 v0.6 Provides ifxetex conditional
)
\Gm@cnth=\count105
\Gm@cntv=\count106
\c@Gm@tempcnt=\count107
\Gm@bindingoffset=\dimen118
\Gm@wd@mp=\dimen119
\Gm@odd@mp=\dimen120
\Gm@even@mp=\dimen121
\Gm@layoutwidth=\dimen122
\Gm@layoutheight=\dimen123
\Gm@layouthoffset=\dimen124
\Gm@layoutvoffset=\dimen125
\Gm@dimlist=\toks15

("C:\Program Files\MikTex\tex\latex\geometry\geometry.cfg"))
("C:\Program Files\MikTex\tex\latex\extsizes\size8.clo"
File: size8.clo 1999/11/11 v1.4a NON-Standard LaTeX file (size option)
)
("C:\Program Files\MikTex\tex\latex\pgf\basiclayer\pgfcore.sty"
("C:\Program Files\MikTex\tex\latex\graphics\graphicx.sty"
Package: graphicx 2017/06/01 v1.1a Enhanced LaTeX Graphics (DPC,SPQR)

("C:\Program Files\MikTex\tex\latex\graphics\graphics.sty"
Package: graphics 2017/06/25 v1.2c Standard LaTeX Graphics (DPC,SPQR)

("C:\Program Files\MikTex\tex\latex\graphics\trig.sty"
Package: trig 2016/01/03 v1.10 sin cos tan (DPC)
)
("C:\Program Files\MikTex\tex\latex\graphics-cfg\graphics.cfg"
File: graphics.cfg 2016/06/04 v1.11 sample graphics configuration
)
Package graphics Info: Driver file: pdftex.def on input line 99.

("C:\Program Files\MikTex\tex\latex\graphics-def\pdftex.def"
File: pdftex.def 2018/01/08 v1.0l Graphics/color driver for pdftex
))
\Gin@req@height=\dimen126
\Gin@req@width=\dimen127
)
("C:\Program Files\MikTex\tex\latex\pgf\systemlayer\pgfsys.sty"
("C:\Program Files\MikTex\tex\latex\pgf\utilities\pgfrcs.sty"
("C:\Program Files\MikTex\tex\generic\pgf\utilities\pgfutil-common.tex"
\pgfutil@everybye=\toks16
\pgfutil@tempdima=\dimen128
\pgfutil@tempdimb=\dimen129

("C:\Program Files\MikTex\tex\generic\pgf\utilities\pgfutil-common-lists.tex"))
("C:\Program Files\MikTex\tex\generic\pgf\utilities\pgfutil-latex.def"
\pgfutil@abb=\box34

("C:\Program Files\MikTex\tex\latex\ms\everyshi.sty"
Package: everyshi 2001/05/15 v3.00 EveryShipout Package (MS)
))
("C:\Program Files\MikTex\tex\generic\pgf\utilities\pgfrcs.code.tex"
Package: pgfrcs 2015/08/07 v3.0.1a (rcs-revision 1.31)
))
("C:\Program Files\MikTex\tex\generic\pgf\systemlayer\pgfsys.code.tex"
Package: pgfsys 2014/07/09 v3.0.1a (rcs-revision 1.48)

("C:\Program Files\MikTex\tex\generic\pgf\utilities\pgfkeys.code.tex"
\pgfkeys@pathtoks=\toks17
\pgfkeys@temptoks=\toks18

("C:\Program Files\MikTex\tex\generic\pgf\utilities\pgfkeysfiltered.code.tex"
\pgfkeys@tmptoks=\toks19
))
\pgf@x=\dimen130
\pgf@y=\dimen131
\pgf@xa=\dimen132
\pgf@ya=\dimen133
\pgf@xb=\dimen134
\pgf@yb=\dimen135
\pgf@xc=\dimen136
\pgf@yc=\dimen137
\w@pgf@writea=\write3
\r@pgf@reada=\read1
\c@pgf@counta=\count108
\c@pgf@countb=\count109
\c@pgf@countc=\count110
\c@pgf@countd=\count111
\t@pgf@toka=\toks20
\t@pgf@tokb=\toks21
\t@pgf@tokc=\toks22
("C:\Program Files\MikTex\tex\generic\pgf\systemlayer\pgf.cfg"
File: pgf.cfg 2008/05/14  (rcs-revision 1.7)
)
Driver file for pgf: pgfsys-pdftex.def

("C:\Program Files\MikTex\tex\generic\pgf\systemlayer\pgfsys-pdftex.def"
File: pgfsys-pdftex.def 2014/10/11  (rcs-revision 1.35)

("C:\Program Files\MikTex\tex\generic\pgf\systemlayer\pgfsys-common-pdf.def"
File: pgfsys-common-pdf.def 2013/10/10  (rcs-revision 1.13)
))) ("C:\Program Files\MikTex\tex\generic\pgf\systemlayer\pgfsyssoftpath.code.t
ex"
File: pgfsyssoftpath.code.tex 2013/09/09  (rcs-revision 1.9)
\pgfsyssoftpath@smallbuffer@items=\count112
\pgfsyssoftpath@bigbuffer@items=\count113
) ("C:\Program Files\MikTex\tex\generic\pgf\systemlayer\pgfsysprotocol.code.tex
"
File: pgfsysprotocol.code.tex 2006/10/16  (rcs-revision 1.4)
)) ("C:\Program Files\MikTex\tex\latex\xcolor\xcolor.sty"
Package: xcolor 2016/05/11 v2.12 LaTeX color extensions (UK)

("C:\Program Files\MikTex\tex\latex\graphics-cfg\color.cfg"
File: color.cfg 2016/01/02 v1.6 sample color configuration
)
Package xcolor Info: Driver file: pdftex.def on input line 225.
Package xcolor Info: Model `cmy' substituted by `cmy0' on input line 1348.
Package xcolor Info: Model `hsb' substituted by `rgb' on input line 1352.
Package xcolor Info: Model `RGB' extended on input line 1364.
Package xcolor Info: Model `HTML' substituted by `rgb' on input line 1366.
Package xcolor Info: Model `Hsb' substituted by `hsb' on input line 1367.
Package xcolor Info: Model `tHsb' substituted by `hsb' on input line 1368.
Package xcolor Info: Model `HSB' substituted by `hsb' on input line 1369.
Package xcolor Info: Model `Gray' substituted by `gray' on input line 1370.
Package xcolor Info: Model `wave' substituted by `hsb' on input line 1371.

("C:\Program Files\MikTex\tex\latex\xcolor\svgnam.def"
File: svgnam.def 2016/05/11 v2.12 Predefined colors according to SVG 1.1 (UK)
))
("C:\Program Files\MikTex\tex\generic\pgf\basiclayer\pgfcore.code.tex"
Package: pgfcore 2010/04/11 v3.0.1a (rcs-revision 1.7)

("C:\Program Files\MikTex\tex\generic\pgf\math\pgfmath.code.tex"
("C:\Program Files\MikTex\tex\generic\pgf\math\pgfmathcalc.code.tex"
("C:\Program Files\MikTex\tex\generic\pgf\math\pgfmathutil.code.tex")
("C:\Program Files\MikTex\tex\generic\pgf\math\pgfmathparser.code.tex"
\pgfmath@dimen=\dimen138
\pgfmath@count=\count114
\pgfmath@box=\box35
\pgfmath@toks=\toks23
\pgfmath@stack@operand=\toks24
\pgfmath@stack@operation=\toks25
)
("C:\Program Files\MikTex\tex\generic\pgf\math\pgfmathfunctions.code.tex"
("C:\Program Files\MikTex\tex\generic\pgf\math\pgfmathfunctions.basic.code.tex"
)
("C:\Program Files\MikTex\tex\generic\pgf\math\pgfmathfunctions.trigonometric.c
ode.tex")
("C:\Program Files\MikTex\tex\generic\pgf\math\pgfmathfunctions.random.code.tex
")
("C:\Program Files\MikTex\tex\generic\pgf\math\pgfmathfunctions.comparison.code
.tex")
("C:\Program Files\MikTex\tex\generic\pgf\math\pgfmathfunctions.base.code.tex")
("C:\Program Files\MikTex\tex\generic\pgf\math\pgfmathfunctions.round.code.tex"
) ("C:\Program Files\MikTex\tex\generic\pgf\math\pgfmathfunctions.misc.code.tex
")
("C:\Program Files\MikTex\tex\generic\pgf\math\pgfmathfunctions.integerarithmet
ics.code.tex")))
("C:\Program Files\MikTex\tex\generic\pgf\math\pgfmathfloat.code.tex"
\c@pgfmathroundto@lastzeros=\count115
))
("C:\Program Files\MikTex\tex\generic\pgf\basiclayer\pgfcorepoints.code.tex"
File: pgfcorepoints.code.tex 2013/10/07  (rcs-revision 1.27)
\pgf@picminx=\dimen139
\pgf@picmaxx=\dimen140
\pgf@picminy=\dimen141
\pgf@picmaxy=\dimen142
\pgf@pathminx=\dimen143
\pgf@pathmaxx=\dimen144
\pgf@pathminy=\dimen145
\pgf@pathmaxy=\dimen146
\pgf@xx=\dimen147
\pgf@xy=\dimen148
\pgf@yx=\dimen149
\pgf@yy=\dimen150
\pgf@zx=\dimen151
\pgf@zy=\dimen152
)
("C:\Program Files\MikTex\tex\generic\pgf\basiclayer\pgfcorepathconstruct.code.
tex"
File: pgfcorepathconstruct.code.tex 2013/10/07  (rcs-revision 1.29)
\pgf@path@lastx=\dimen153
\pgf@path@lasty=\dimen154
)
("C:\Program Files\MikTex\tex\generic\pgf\basiclayer\pgfcorepathusage.code.tex"
File: pgfcorepathusage.code.tex 2014/11/02  (rcs-revision 1.24)
\pgf@shorten@end@additional=\dimen155
\pgf@shorten@start@additional=\dimen156
) ("C:\Program Files\MikTex\tex\generic\pgf\basiclayer\pgfcorescopes.code.tex"
File: pgfcorescopes.code.tex 2015/05/08  (rcs-revision 1.46)
\pgfpic=\box36
\pgf@hbox=\box37
\pgf@layerbox@main=\box38
\pgf@picture@serial@count=\count116
)
("C:\Program Files\MikTex\tex\generic\pgf\basiclayer\pgfcoregraphicstate.code.t
ex"
File: pgfcoregraphicstate.code.tex 2014/11/02  (rcs-revision 1.12)
\pgflinewidth=\dimen157
)
("C:\Program Files\MikTex\tex\generic\pgf\basiclayer\pgfcoretransformations.cod
e.tex"
File: pgfcoretransformations.code.tex 2015/08/07  (rcs-revision 1.20)
\pgf@pt@x=\dimen158
\pgf@pt@y=\dimen159
\pgf@pt@temp=\dimen160
)
("C:\Program Files\MikTex\tex\generic\pgf\basiclayer\pgfcorequick.code.tex"
File: pgfcorequick.code.tex 2008/10/09  (rcs-revision 1.3)
)
("C:\Program Files\MikTex\tex\generic\pgf\basiclayer\pgfcoreobjects.code.tex"
File: pgfcoreobjects.code.tex 2006/10/11  (rcs-revision 1.2)
)
("C:\Program Files\MikTex\tex\generic\pgf\basiclayer\pgfcorepathprocessing.code
.tex"
File: pgfcorepathprocessing.code.tex 2013/09/09  (rcs-revision 1.9)
)
("C:\Program Files\MikTex\tex\generic\pgf\basiclayer\pgfcorearrows.code.tex"
File: pgfcorearrows.code.tex 2015/05/14  (rcs-revision 1.43)
\pgfarrowsep=\dimen161
)
("C:\Program Files\MikTex\tex\generic\pgf\basiclayer\pgfcoreshade.code.tex"
File: pgfcoreshade.code.tex 2013/07/15  (rcs-revision 1.15)
\pgf@max=\dimen162
\pgf@sys@shading@range@num=\count117
)
("C:\Program Files\MikTex\tex\generic\pgf\basiclayer\pgfcoreimage.code.tex"
File: pgfcoreimage.code.tex 2013/07/15  (rcs-revision 1.18)

("C:\Program Files\MikTex\tex\generic\pgf\basiclayer\pgfcoreexternal.code.tex"
File: pgfcoreexternal.code.tex 2014/07/09  (rcs-revision 1.21)
\pgfexternal@startupbox=\box39
)) ("C:\Program Files\MikTex\tex\generic\pgf\basiclayer\pgfcorelayers.code.tex"
File: pgfcorelayers.code.tex 2013/07/18  (rcs-revision 1.7)
)
("C:\Program Files\MikTex\tex\generic\pgf\basiclayer\pgfcoretransparency.code.t
ex"
File: pgfcoretransparency.code.tex 2013/09/30  (rcs-revision 1.5)
)
("C:\Program Files\MikTex\tex\generic\pgf\basiclayer\pgfcorepatterns.code.tex"
File: pgfcorepatterns.code.tex 2013/11/07  (rcs-revision 1.5)
))) ("C:\Program Files\MikTex\tex\latex\pgf\utilities\xxcolor.sty"
Package: xxcolor 2003/10/24 ver 0.1
\XC@nummixins=\count118
\XC@countmixins=\count119
)
("C:\Program Files\MikTex\tex\generic\oberdiek\atbegshi.sty"
Package: atbegshi 2016/06/09 v1.18 At begin shipout hook (HO)

("C:\Program Files\MikTex\tex\generic\oberdiek\infwarerr.sty"
Package: infwarerr 2016/05/16 v1.4 Providing info/warning/error messages (HO)
)
("C:\Program Files\MikTex\tex\generic\oberdiek\ltxcmds.sty"
Package: ltxcmds 2016/05/16 v1.23 LaTeX kernel commands for general use (HO)
))
("C:\Program Files\MikTex\tex\latex\hyperref\hyperref.sty"
Package: hyperref 2018/02/06 v6.86b Hypertext links for LaTeX

("C:\Program Files\MikTex\tex\generic\oberdiek\hobsub-hyperref.sty"
Package: hobsub-hyperref 2016/05/16 v1.14 Bundle oberdiek, subset hyperref (HO)


("C:\Program Files\MikTex\tex\generic\oberdiek\hobsub-generic.sty"
Package: hobsub-generic 2016/05/16 v1.14 Bundle oberdiek, subset generic (HO)
Package: hobsub 2016/05/16 v1.14 Construct package bundles (HO)
Package hobsub Info: Skipping package `infwarerr' (already loaded).
Package hobsub Info: Skipping package `ltxcmds' (already loaded).
Package: ifluatex 2016/05/16 v1.4 Provides the ifluatex switch (HO)
Package ifluatex Info: LuaTeX not detected.
Package hobsub Info: Skipping package `ifvtex' (already loaded).
Package: intcalc 2016/05/16 v1.2 Expandable calculations with integers (HO)
Package hobsub Info: Skipping package `ifpdf' (already loaded).
Package: etexcmds 2016/05/16 v1.6 Avoid name clashes with e-TeX commands (HO)
Package etexcmds Info: Could not find \expanded.
(etexcmds)             That can mean that you are not using pdfTeX 1.50 or
(etexcmds)             that some package has redefined \expanded.
(etexcmds)             In the latter case, load this package earlier.
Package: kvsetkeys 2016/05/16 v1.17 Key value parser (HO)
Package: kvdefinekeys 2016/05/16 v1.4 Define keys (HO)
Package: pdftexcmds 2018/01/30 v0.27 Utility functions of pdfTeX for LuaTeX (HO
)
Package pdftexcmds Info: LuaTeX not detected.
Package pdftexcmds Info: \pdf@primitive is available.
Package pdftexcmds Info: \pdf@ifprimitive is available.
Package pdftexcmds Info: \pdfdraftmode found.
Package: pdfescape 2016/05/16 v1.14 Implements pdfTeX's escape features (HO)
Package: bigintcalc 2016/05/16 v1.4 Expandable calculations on big integers (HO
)
Package: bitset 2016/05/16 v1.2 Handle bit-vector datatype (HO)
Package: uniquecounter 2016/05/16 v1.3 Provide unlimited unique counter (HO)
)
Package hobsub Info: Skipping package `hobsub' (already loaded).
Package: letltxmacro 2016/05/16 v1.5 Let assignment for LaTeX macros (HO)
Package: hopatch 2016/05/16 v1.3 Wrapper for package hooks (HO)
Package: xcolor-patch 2016/05/16 xcolor patch
Package: atveryend 2016/05/16 v1.9 Hooks at the very end of document (HO)
Package hobsub Info: Skipping package `atbegshi' (already loaded).
Package: refcount 2016/05/16 v3.5 Data extraction from label references (HO)
Package: hycolor 2016/05/16 v1.8 Color options for hyperref/bookmark (HO)
)
("C:\Program Files\MikTex\tex\latex\oberdiek\auxhook.sty"
Package: auxhook 2016/05/16 v1.4 Hooks for auxiliary files (HO)
)
("C:\Program Files\MikTex\tex\latex\oberdiek\kvoptions.sty"
Package: kvoptions 2016/05/16 v3.12 Key value format for package options (HO)
)
\@linkdim=\dimen163
\Hy@linkcounter=\count120
\Hy@pagecounter=\count121

("C:\Program Files\MikTex\tex\latex\hyperref\pd1enc.def"
File: pd1enc.def 2018/02/06 v6.86b Hyperref: PDFDocEncoding definition (HO)
Now handling font encoding PD1 ...
... no UTF-8 mapping file for font encoding PD1
)
\Hy@SavedSpaceFactor=\count122

("C:\Program Files\MikTex\tex\latex\00miktex\hyperref.cfg"
File: hyperref.cfg 2002/06/06 v1.2 hyperref configuration of TeXLive
)
Package hyperref Info: Option `bookmarks' set `true' on input line 4383.
Package hyperref Info: Option `bookmarksopen' set `true' on input line 4383.
Package hyperref Info: Option `implicit' set `false' on input line 4383.
Package hyperref Info: Hyper figures OFF on input line 4509.
Package hyperref Info: Link nesting OFF on input line 4514.
Package hyperref Info: Hyper index ON on input line 4517.
Package hyperref Info: Plain pages OFF on input line 4524.
Package hyperref Info: Backreferencing OFF on input line 4529.
Package hyperref Info: Implicit mode OFF; no redefinition of LaTeX internals.
Package hyperref Info: Bookmarks ON on input line 4762.
\c@Hy@tempcnt=\count123

("C:\Program Files\MikTex\tex\latex\url\url.sty"
\Urlmuskip=\muskip10
Package: url 2013/09/16  ver 3.4  Verb mode for urls, etc.
)
LaTeX Info: Redefining \url on input line 5115.
\XeTeXLinkMargin=\dimen164
\Fld@menulength=\count124
\Field@Width=\dimen165
\Fld@charsize=\dimen166
Package hyperref Info: Hyper figures OFF on input line 6369.
Package hyperref Info: Link nesting OFF on input line 6374.
Package hyperref Info: Hyper index ON on input line 6377.
Package hyperref Info: backreferencing OFF on input line 6384.
Package hyperref Info: Link coloring OFF on input line 6389.
Package hyperref Info: Link coloring with OCG OFF on input line 6394.
Package hyperref Info: PDF/A mode OFF on input line 6399.
LaTeX Info: Redefining \ref on input line 6439.
LaTeX Info: Redefining \pageref on input line 6443.
\Hy@abspage=\count125


Package hyperref Message: Stopped early.

)
Package hyperref Info: Driver (autodetected): hpdftex.
 ("C:\Program Files\MikTex\tex\latex\hyperref\hpdftex.def"
File: hpdftex.def 2018/02/06 v6.86b Hyperref driver for pdfTeX
\Fld@listcount=\count126
\c@bookmark@seq@number=\count127

("C:\Program Files\MikTex\tex\latex\oberdiek\rerunfilecheck.sty"
Package: rerunfilecheck 2016/05/16 v1.8 Rerun checks for auxiliary files (HO)
Package uniquecounter Info: New unique counter `rerunfilecheck' on input line 2
82.
))
("C:\Program Files\MikTex\tex\latex\beamer\beamerbaserequires.sty"
("C:\Program Files\MikTex\tex\latex\beamer\beamerbasecompatibility.sty")
("C:\Program Files\MikTex\tex\latex\beamer\beamerbasefont.sty"
("C:\Program Files\MikTex\tex\latex\amsfonts\amssymb.sty"
Package: amssymb 2013/01/14 v3.01 AMS font symbols

("C:\Program Files\MikTex\tex\latex\amsfonts\amsfonts.sty"
Package: amsfonts 2013/01/14 v3.01 Basic AMSFonts support
\@emptytoks=\toks26
\symAMSa=\mathgroup4
\symAMSb=\mathgroup5
LaTeX Font Info:    Overwriting math alphabet `\mathfrak' in version `bold'
(Font)                  U/euf/m/n --> U/euf/b/n on input line 106.
))
("C:\Program Files\MikTex\tex\latex\sansmathaccent\sansmathaccent.sty"
Package: sansmathaccent 2013/03/28

("C:\Program Files\MikTex\tex\latex\filehook\filehook.sty"
Package: filehook 2011/10/12 v0.5d Hooks for input files
)))
("C:\Program Files\MikTex\tex\latex\beamer\beamerbasetranslator.sty"
("C:\Program Files\MikTex\tex\latex\translator\translator.sty"
Package: translator 2018/01/04 v1.12 Easy translation of strings in LaTeX
))
("C:\Program Files\MikTex\tex\latex\beamer\beamerbasemisc.sty")
("C:\Program Files\MikTex\tex\latex\beamer\beamerbasetwoscreens.sty")
("C:\Program Files\MikTex\tex\latex\beamer\beamerbaseoverlay.sty"
\beamer@argscount=\count128
\beamer@lastskipcover=\skip44
\beamer@trivlistdepth=\count129
)
("C:\Program Files\MikTex\tex\latex\beamer\beamerbasetitle.sty")
("C:\Program Files\MikTex\tex\latex\beamer\beamerbasesection.sty"
\c@lecture=\count130
\c@part=\count131
\c@section=\count132
\c@subsection=\count133
\c@subsubsection=\count134
)
("C:\Program Files\MikTex\tex\latex\beamer\beamerbaseframe.sty"
\beamer@framebox=\box40
\beamer@frametitlebox=\box41
\beamer@zoombox=\box42
\beamer@zoomcount=\count135
\beamer@zoomframecount=\count136
\beamer@frametextheight=\dimen167
\c@subsectionslide=\count137
\beamer@frametopskip=\skip45
\beamer@framebottomskip=\skip46
\beamer@frametopskipautobreak=\skip47
\beamer@framebottomskipautobreak=\skip48
\beamer@envbody=\toks27
\framewidth=\dimen168
\c@framenumber=\count138
)
("C:\Program Files\MikTex\tex\latex\beamer\beamerbaseverbatim.sty"
\beamer@verbatimfileout=\write4
)
("C:\Program Files\MikTex\tex\latex\beamer\beamerbaseframesize.sty"
\beamer@splitbox=\box43
\beamer@autobreakcount=\count139
\beamer@autobreaklastheight=\dimen169
\beamer@frametitletoks=\toks28
\beamer@framesubtitletoks=\toks29
)
("C:\Program Files\MikTex\tex\latex\beamer\beamerbaseframecomponents.sty"
\beamer@footins=\box44
)
("C:\Program Files\MikTex\tex\latex\beamer\beamerbasecolor.sty"
\beamer@bg@ht=\dimen170
\beamer@bg@wd=\dimen171
\beamer@bg@dp=\dimen172
)
("C:\Program Files\MikTex\tex\latex\beamer\beamerbasenotes.sty"
\beamer@frameboxcopy=\box45
)
("C:\Program Files\MikTex\tex\latex\beamer\beamerbasetoc.sty")
("C:\Program Files\MikTex\tex\latex\beamer\beamerbasetemplates.sty"
\beamer@sbttoks=\toks30

("C:\Program Files\MikTex\tex\latex\beamer\beamerbaseauxtemplates.sty"
("C:\Program Files\MikTex\tex\latex\beamer\beamerbaseboxes.sty"
\bmb@box=\box46
\bmb@colorbox=\box47
\bmb@boxshadow=\box48
\bmb@boxshadowball=\box49
\bmb@boxshadowballlarge=\box50
\bmb@temp=\dimen173
\bmb@dima=\dimen174
\bmb@dimb=\dimen175
\bmb@prevheight=\dimen176
)
\beamer@blockheadheight=\dimen177
))
("C:\Program Files\MikTex\tex\latex\beamer\beamerbaselocalstructure.sty"
("C:\Program Files\MikTex\tex\latex\tools\enumerate.sty"
Package: enumerate 2015/07/23 v3.00 enumerate extensions (DPC)
\@enLab=\toks31
)
\c@figure=\count140
\c@table=\count141
\abovecaptionskip=\skip49
\belowcaptionskip=\skip50
)
("C:\Program Files\MikTex\tex\latex\beamer\beamerbasenavigation.sty"
\beamer@section@min@dim=\dimen178
)
("C:\Program Files\MikTex\tex\latex\beamer\beamerbasetheorems.sty"
("C:\Program Files\MikTex\tex\latex\amsmath\amsmath.sty"
Package: amsmath 2017/09/02 v2.17a AMS math features
\@mathmargin=\skip51

For additional information on amsmath, use the `?' option.
("C:\Program Files\MikTex\tex\latex\amsmath\amstext.sty"
Package: amstext 2000/06/29 v2.01 AMS text

("C:\Program Files\MikTex\tex\latex\amsmath\amsgen.sty"
File: amsgen.sty 1999/11/30 v2.0 generic functions
\@emptytoks=\toks32
\ex@=\dimen179
))
("C:\Program Files\MikTex\tex\latex\amsmath\amsbsy.sty"
Package: amsbsy 1999/11/29 v1.2d Bold Symbols
\pmbraise@=\dimen180
)
("C:\Program Files\MikTex\tex\latex\amsmath\amsopn.sty"
Package: amsopn 2016/03/08 v2.02 operator names
)
\inf@bad=\count142
LaTeX Info: Redefining \frac on input line 213.
\uproot@=\count143
\leftroot@=\count144
LaTeX Info: Redefining \overline on input line 375.
\classnum@=\count145
\DOTSCASE@=\count146
LaTeX Info: Redefining \ldots on input line 472.
LaTeX Info: Redefining \dots on input line 475.
LaTeX Info: Redefining \cdots on input line 596.
\Mathstrutbox@=\box51
\strutbox@=\box52
\big@size=\dimen181
LaTeX Font Info:    Redeclaring font encoding OML on input line 712.
LaTeX Font Info:    Redeclaring font encoding OMS on input line 713.
\macc@depth=\count147
\c@MaxMatrixCols=\count148
\dotsspace@=\muskip11
\c@parentequation=\count149
\dspbrk@lvl=\count150
\tag@help=\toks33
\row@=\count151
\column@=\count152
\maxfields@=\count153
\andhelp@=\toks34
\eqnshift@=\dimen182
\alignsep@=\dimen183
\tagshift@=\dimen184
\tagwidth@=\dimen185
\totwidth@=\dimen186
\lineht@=\dimen187
\@envbody=\toks35
\multlinegap=\skip52
\multlinetaggap=\skip53
\mathdisplay@stack=\toks36
LaTeX Info: Redefining \[ on input line 2817.
LaTeX Info: Redefining \] on input line 2818.
)
("C:\Program Files\MikTex\tex\latex\amscls\amsthm.sty"
Package: amsthm 2017/10/31 v2.20.4
\thm@style=\toks37
\thm@bodyfont=\toks38
\thm@headfont=\toks39
\thm@notefont=\toks40
\thm@headpunct=\toks41
\thm@preskip=\skip54
\thm@postskip=\skip55
\thm@headsep=\skip56
\dth@everypar=\toks42
)
\c@theorem=\count154
)
("C:\Program Files\MikTex\tex\latex\beamer\beamerbasethemes.sty"))
("C:\Program Files\MikTex\tex\latex\beamer\beamerthemedefault.sty"
("C:\Program Files\MikTex\tex\latex\beamer\beamerfontthemedefault.sty")
("C:\Program Files\MikTex\tex\latex\beamer\beamercolorthemedefault.sty")
("C:\Program Files\MikTex\tex\latex\beamer\beamerinnerthemedefault.sty"
\beamer@dima=\dimen188
\beamer@dimb=\dimen189
)
("C:\Program Files\MikTex\tex\latex\beamer\beamerouterthemedefault.sty")))
("C:\Program Files\MikTex\tex\latex\base\inputenc.sty"
Package: inputenc 2018/04/06 v1.3b Input encoding file
\inpenc@prehook=\toks43
\inpenc@posthook=\toks44
)
("C:\Program Files\MikTex\tex\latex\base\fontenc.sty"
Package: fontenc 2017/04/05 v2.0i Standard LaTeX package

("C:\Program Files\MikTex\tex\latex\base\t1enc.def"
File: t1enc.def 2017/04/05 v2.0i Standard LaTeX file
LaTeX Font Info:    Redeclaring font encoding T1 on input line 48.
))
("C:\Program Files\MikTex\tex\latex\psnfss\helvet.sty"
Package: helvet 2005/04/12 PSNFSS-v9.2a (WaS) 
)
("C:\Program Files\MikTex\tex\latex\pdfpages\pdfpages.sty"
Package: pdfpages 2017/10/31 v0.5l Insert pages of external PDF documents (AM)

("C:\Program Files\MikTex\tex\latex\base\ifthen.sty"
Package: ifthen 2014/09/29 v1.1c Standard LaTeX ifthen package (DPC)
)
("C:\Program Files\MikTex\tex\latex\tools\calc.sty"
Package: calc 2017/05/25 v4.3 Infix arithmetic (KKT,FJ)
\calc@Acount=\count155
\calc@Bcount=\count156
\calc@Adimen=\dimen190
\calc@Bdimen=\dimen191
\calc@Askip=\skip57
\calc@Bskip=\skip58
LaTeX Info: Redefining \setlength on input line 80.
LaTeX Info: Redefining \addtolength on input line 81.
\calc@Ccount=\count157
\calc@Cskip=\skip59
)
("C:\Program Files\MikTex\tex\latex\eso-pic\eso-pic.sty"
Package: eso-pic 2018/04/12 v2.0h eso-pic (RN)
)
\AM@pagewidth=\dimen192
\AM@pageheight=\dimen193

("C:\Program Files\MikTex\tex\latex\pdfpages\pppdftex.def"
File: pppdftex.def 2017/10/31 v0.5l Pdfpages driver for pdfTeX (AM)
)
\AM@pagebox=\box53
\AM@global@opts=\toks45
\AM@toc@title=\toks46
\c@AM@survey=\count158
\AM@templatesizebox=\box54
)
("C:\Program Files\MikTex\tex\latex\caption\caption.sty"
Package: caption 2018/05/01 v3.3-147 Customizing captions (AR)

("C:\Program Files\MikTex\tex\latex\caption\caption3.sty"
Package: caption3 2018/05/27 v1.8a caption3 kernel (AR)
Package caption3 Info: TeX engine: e-TeX on input line 64.
\captionmargin=\dimen194
\captionmargin@=\dimen195
\captionwidth=\dimen196
\caption@tempdima=\dimen197
\caption@indent=\dimen198
\caption@parindent=\dimen199
\caption@hangindent=\dimen256
)
\c@ContinuedFloat=\count159
Package caption Info: beamer document class.
Package caption Info: hyperref package is loaded.
Package caption Info: Hyperref support is turned off
(caption)             because hyperref has stopped early.
)
("C:\Program Files\MikTex\tex\latex\pgf\frontendlayer\tikz.sty"
("C:\Program Files\MikTex\tex\latex\pgf\basiclayer\pgf.sty"
Package: pgf 2015/08/07 v3.0.1a (rcs-revision 1.15)

("C:\Program Files\MikTex\tex\generic\pgf\modules\pgfmoduleshapes.code.tex"
File: pgfmoduleshapes.code.tex 2014/03/21  (rcs-revision 1.35)
\pgfnodeparttextbox=\box55
)
("C:\Program Files\MikTex\tex\generic\pgf\modules\pgfmoduleplot.code.tex"
File: pgfmoduleplot.code.tex 2015/08/03  (rcs-revision 1.13)
)
("C:\Program Files\MikTex\tex\latex\pgf\compatibility\pgfcomp-version-0-65.sty"
Package: pgfcomp-version-0-65 2007/07/03 v3.0.1a (rcs-revision 1.7)
\pgf@nodesepstart=\dimen257
\pgf@nodesepend=\dimen258
) ("C:\Program Files\MikTex\tex\latex\pgf\compatibility\pgfcomp-version-1-18.st
y"
Package: pgfcomp-version-1-18 2007/07/23 v3.0.1a (rcs-revision 1.1)
)) ("C:\Program Files\MikTex\tex\latex\pgf\utilities\pgffor.sty"
("C:\Program Files\MikTex\tex\latex\pgf\utilities\pgfkeys.sty"
("C:\Program Files\MikTex\tex\generic\pgf\utilities\pgfkeys.code.tex"))
("C:\Program Files\MikTex\tex\latex\pgf\math\pgfmath.sty"
("C:\Program Files\MikTex\tex\generic\pgf\math\pgfmath.code.tex"))
("C:\Program Files\MikTex\tex\generic\pgf\utilities\pgffor.code.tex"
Package: pgffor 2013/12/13 v3.0.1a (rcs-revision 1.25)

("C:\Program Files\MikTex\tex\generic\pgf\math\pgfmath.code.tex")
\pgffor@iter=\dimen259
\pgffor@skip=\dimen260
\pgffor@stack=\toks47
\pgffor@toks=\toks48
))
("C:\Program Files\MikTex\tex\generic\pgf\frontendlayer\tikz\tikz.code.tex"
Package: tikz 2015/08/07 v3.0.1a (rcs-revision 1.151)

("C:\Program Files\MikTex\tex\generic\pgf\libraries\pgflibraryplothandlers.code
.tex"
File: pgflibraryplothandlers.code.tex 2013/08/31 v3.0.1a (rcs-revision 1.20)
\pgf@plot@mark@count=\count160
\pgfplotmarksize=\dimen261
)
\tikz@lastx=\dimen262
\tikz@lasty=\dimen263
\tikz@lastxsaved=\dimen264
\tikz@lastysaved=\dimen265
\tikzleveldistance=\dimen266
\tikzsiblingdistance=\dimen267
\tikz@figbox=\box56
\tikz@figbox@bg=\box57
\tikz@tempbox=\box58
\tikz@tempbox@bg=\box59
\tikztreelevel=\count161
\tikznumberofchildren=\count162
\tikznumberofcurrentchild=\count163
\tikz@fig@count=\count164

("C:\Program Files\MikTex\tex\generic\pgf\modules\pgfmodulematrix.code.tex"
File: pgfmodulematrix.code.tex 2013/09/17  (rcs-revision 1.8)
\pgfmatrixcurrentrow=\count165
\pgfmatrixcurrentcolumn=\count166
\pgf@matrix@numberofcolumns=\count167
)
\tikz@expandcount=\count168

("C:\Program Files\MikTex\tex\generic\pgf\frontendlayer\tikz\libraries\tikzlibr
arytopaths.code.tex"
File: tikzlibrarytopaths.code.tex 2008/06/17 v3.0.1a (rcs-revision 1.2)
)))
("C:\Program Files\MikTex\tex\latex\tcolorbox\tcolorbox.sty"
Package: tcolorbox 2018/07/26 version 4.14 text color boxes

("C:\Program Files\MikTex\tex\latex\tools\verbatim.sty"
Package: verbatim 2014/10/28 v1.5q LaTeX2e package for verbatim enhancements
\every@verbatim=\toks49
\verbatim@line=\toks50
\verbatim@in@stream=\read2
)
("C:\Program Files\MikTex\tex\latex\environ\environ.sty"
Package: environ 2014/05/04 v0.3 A new way to define environments

("C:\Program Files\MikTex\tex\latex\trimspaces\trimspaces.sty"
Package: trimspaces 2009/09/17 v1.1 Trim spaces around a token list
))
\tcb@titlebox=\box60
\tcb@upperbox=\box61
\tcb@lowerbox=\box62
\tcb@phantombox=\box63
\c@tcbbreakpart=\count169
\c@tcblayer=\count170
\tcolorbox@number=\count171
\tcb@temp=\box64
\tcb@temp=\box65
\tcb@temp=\box66
\tcb@temp=\box67
\tcb@out=\write5
\tcb@record@out=\write6
)
("C:\Program Files\MikTex\tex\latex\tools\tabularx.sty"
Package: tabularx 2016/02/03 v2.11b `tabularx' package (DPC)

("C:\Program Files\MikTex\tex\latex\tools\array.sty"
Package: array 2018/04/30 v2.4h Tabular extension package (FMi)
\col@sep=\dimen268
\ar@mcellbox=\box68
\extrarowheight=\dimen269
\NC@list=\toks51
\extratabsurround=\skip60
\backup@length=\skip61
\ar@cellbox=\box69
)
\TX@col@width=\dimen270
\TX@old@table=\dimen271
\TX@old@col=\dimen272
\TX@target=\dimen273
\TX@delta=\dimen274
\TX@cols=\count172
\TX@ftn=\toks52
)
("C:\Program Files\MikTex\tex\latex\colortbl\colortbl.sty"
Package: colortbl 2018/05/02 v1.0c Color table columns (DPC)
\everycr=\toks53
\minrowclearance=\skip62
)
("C:\Program Files\MikTex\tex\latex\tcolorbox\tcbskins.code.tex"
Library (tcolorbox): 'tcbskins.code.tex' version '4.14'
\tcb@waterbox=\box70
("C:\Program Files\MikTex\tex\latex\tcolorbox\tcbskinsjigsaw.code.tex"
Library (tcolorbox): 'tcbskinsjigsaw.code.tex' version '4.14'
)) ("C:\Program Files\MikTex\tex\latex\beamer\beamercolorthemestructure.sty")
("C:\Program Files\MikTex\tex\latex\beamer\beamerinnerthemerectangles.sty")
("C:\Program Files\MikTex\tex\latex\beamer\beamerouterthememiniframes.sty"))
("C:\Program Files\MikTex\tex\generic\babel\babel.sty"
Package: babel 2018/06/05 3.22 The Babel package

("C:\Program Files\MikTex\tex\generic\babel\switch.def"
File: switch.def 2018/06/05 3.22 Babel switching mechanism
)
*************************************
* Local config file bblopts.cfg used
*
("C:\Program Files\MikTex\tex\latex\arabi\bblopts.cfg"
File: bblopts.cfg 2005/09/08 v0.1 add Arabic and Farsi to "declared" options of
 babel
)
("C:\Program Files\MikTex\tex\latex\babel-spanish\spanish.ldf"
Language: spanish.ldf 2016/03/03 v5.0p Spanish support from the babel system

("C:\Program Files\MikTex\tex\generic\babel\babel.def"
File: babel.def 2018/06/05 3.22 Babel common definitions
\babel@savecnt=\count173
\U@D=\dimen275

("C:\Program Files\MikTex\tex\generic\babel\txtbabel.def")
LaTeX Info: Redefining \textlatin on input line 1915.
\bbl@dirlevel=\count174
)
\es@quottoks=\toks54
\es@quotdepth=\count175
Package babel Info: Making " an active character on input line 561.
Package babel Info: Making . an active character on input line 662.
Package babel Info: Making < an active character on input line 707.
Package babel Info: Making > an active character on input line 707.
)) (presentacion.aux
LaTeX Info: Redefining \. on input line 23.
LaTeX Info: Redefining \% on input line 23.
(chapters/chapter_1.aux) (chapters/chapter_2.aux) (chapters/chapter_3.aux)
(chapters/chapter_4.aux))
\openout1 = `presentacion.aux'.

LaTeX Font Info:    Checking defaults for OML/cmm/m/it on input line 73.
LaTeX Font Info:    ... okay on input line 73.
LaTeX Font Info:    Checking defaults for T1/cmr/m/n on input line 73.
LaTeX Font Info:    ... okay on input line 73.
LaTeX Font Info:    Checking defaults for OT1/cmr/m/n on input line 73.
LaTeX Font Info:    ... okay on input line 73.
LaTeX Font Info:    Checking defaults for OMS/cmsy/m/n on input line 73.
LaTeX Font Info:    ... okay on input line 73.
LaTeX Font Info:    Checking defaults for OMX/cmex/m/n on input line 73.
LaTeX Font Info:    ... okay on input line 73.
LaTeX Font Info:    Checking defaults for U/cmr/m/n on input line 73.
LaTeX Font Info:    ... okay on input line 73.
LaTeX Font Info:    Checking defaults for PD1/pdf/m/n on input line 73.
LaTeX Font Info:    ... okay on input line 73.
LaTeX Font Info:    Try loading font information for T1+phv on input line 73.
 ("C:\Program Files\MikTex\tex\latex\psnfss\t1phv.fd"
File: t1phv.fd 2001/06/04 scalable font definitions for T1/phv.
)
*geometry* driver: auto-detecting
*geometry* detected driver: pdftex
*geometry* verbose mode - [ preamble ] result:
* driver: pdftex
* paper: custom
* layout: <same size as paper>
* layoutoffset:(h,v)=(0.0pt,0.0pt)
* modes: includehead includefoot 
* h-part:(L,W,R)=(28.45274pt, 307.28987pt, 28.45274pt)
* v-part:(T,H,B)=(0.0pt, 273.14662pt, 0.0pt)
* \paperwidth=364.19536pt
* \paperheight=273.14662pt
* \textwidth=307.28987pt
* \textheight=244.6939pt
* \oddsidemargin=-43.81725pt
* \evensidemargin=-43.81725pt
* \topmargin=-72.26999pt
* \headheight=14.22636pt
* \headsep=0.0pt
* \topskip=9.0pt
* \footskip=14.22636pt
* \marginparwidth=4.0pt
* \marginparsep=10.0pt
* \columnsep=10.0pt
* \skip\footins=7.0pt plus 4.0pt minus 2.0pt
* \hoffset=0.0pt
* \voffset=0.0pt
* \mag=1000
* \@twocolumnfalse
* \@twosidefalse
* \@mparswitchfalse
* \@reversemarginfalse
* (1in=72.27pt=25.4mm, 1cm=28.453pt)

("C:\Program Files\MikTex\tex\context\base\supp-pdf.mkii"
[Loading MPS to PDF converter (version 2006.09.02).]
\scratchcounter=\count176
\scratchdimen=\dimen276
\scratchbox=\box71
\nofMPsegments=\count177
\nofMParguments=\count178
\everyMPshowfont=\toks55
\MPscratchCnt=\count179
\MPscratchDim=\dimen277
\MPnumerator=\count180
\makeMPintoPDFobject=\count181
\everyMPtoPDFconversion=\toks56
) ("C:\Program Files\MikTex\tex\latex\oberdiek\epstopdf-base.sty"
Package: epstopdf-base 2016/05/15 v2.6 Base part for package epstopdf

("C:\Program Files\MikTex\tex\latex\oberdiek\grfext.sty"
Package: grfext 2016/05/16 v1.2 Manage graphics extensions (HO)
)
Package epstopdf-base Info: Redefining graphics rule for `.eps' on input line 4
38.
Package grfext Info: Graphics extension search list:
(grfext)             [.pdf,.png,.jpg,.mps,.jpeg,.jbig2,.jb2,.PDF,.PNG,.JPG,.JPE
G,.JBIG2,.JB2,.eps]
(grfext)             \AppendGraphicsExtensions on input line 456.
)
ABD: EveryShipout initializing macros
\AtBeginShipoutBox=\box72
Package hyperref Info: Link coloring OFF on input line 73.

("C:\Program Files\MikTex\tex\latex\hyperref\nameref.sty"
Package: nameref 2016/05/21 v2.44 Cross-referencing by name of section

("C:\Program Files\MikTex\tex\generic\oberdiek\gettitlestring.sty"
Package: gettitlestring 2016/05/16 v1.5 Cleanup title references (HO)
)
\c@section@level=\count182
)
LaTeX Info: Redefining \ref on input line 73.
LaTeX Info: Redefining \pageref on input line 73.
LaTeX Info: Redefining \nameref on input line 73.

(presentacion.out) (presentacion.out)
\@outlinefile=\write7
\openout7 = `presentacion.out'.

LaTeX Font Info:    Overwriting symbol font `operators' in version `normal'
(Font)                  OT1/cmr/m/n --> OT1/cmss/m/n on input line 73.
LaTeX Font Info:    Overwriting symbol font `operators' in version `bold'
(Font)                  OT1/cmr/bx/n --> OT1/cmss/bx/n on input line 73.
\symnumbers=\mathgroup6
\sympureletters=\mathgroup7
LaTeX Font Info:    Overwriting math alphabet `\mathrm' in version `normal'
(Font)                  OT1/cmss/m/n --> T1/cmr/m/n on input line 73.
LaTeX Font Info:    Redeclaring math alphabet \mathbf on input line 73.
LaTeX Font Info:    Overwriting math alphabet `\mathbf' in version `normal'
(Font)                  OT1/cmr/bx/n --> T1/phv/bx/n on input line 73.
LaTeX Font Info:    Overwriting math alphabet `\mathbf' in version `bold'
(Font)                  OT1/cmr/bx/n --> T1/phv/bx/n on input line 73.
LaTeX Font Info:    Redeclaring math alphabet \mathsf on input line 73.
LaTeX Font Info:    Overwriting math alphabet `\mathsf' in version `normal'
(Font)                  OT1/cmss/m/n --> T1/phv/m/n on input line 73.
LaTeX Font Info:    Overwriting math alphabet `\mathsf' in version `bold'
(Font)                  OT1/cmss/bx/n --> T1/phv/m/n on input line 73.
LaTeX Font Info:    Redeclaring math alphabet \mathit on input line 73.
LaTeX Font Info:    Overwriting math alphabet `\mathit' in version `normal'
(Font)                  OT1/cmr/m/it --> T1/phv/m/it on input line 73.
LaTeX Font Info:    Overwriting math alphabet `\mathit' in version `bold'
(Font)                  OT1/cmr/bx/it --> T1/phv/m/it on input line 73.
LaTeX Font Info:    Redeclaring math alphabet \mathtt on input line 73.
LaTeX Font Info:    Overwriting math alphabet `\mathtt' in version `normal'
(Font)                  OT1/cmtt/m/n --> T1/cmtt/m/n on input line 73.
LaTeX Font Info:    Overwriting math alphabet `\mathtt' in version `bold'
(Font)                  OT1/cmtt/m/n --> T1/cmtt/m/n on input line 73.
LaTeX Font Info:    Overwriting symbol font `numbers' in version `bold'
(Font)                  T1/phv/m/n --> T1/phv/bx/n on input line 73.
LaTeX Font Info:    Overwriting symbol font `pureletters' in version `bold'
(Font)                  T1/phv/m/it --> T1/phv/bx/it on input line 73.
LaTeX Font Info:    Overwriting math alphabet `\mathrm' in version `bold'
(Font)                  OT1/cmss/bx/n --> T1/cmr/bx/n on input line 73.
LaTeX Font Info:    Overwriting math alphabet `\mathbf' in version `bold'
(Font)                  T1/phv/bx/n --> T1/phv/bx/n on input line 73.
LaTeX Font Info:    Overwriting math alphabet `\mathsf' in version `bold'
(Font)                  T1/phv/m/n --> T1/phv/bx/n on input line 73.
LaTeX Font Info:    Overwriting math alphabet `\mathit' in version `bold'
(Font)                  T1/phv/m/it --> T1/phv/bx/it on input line 73.
LaTeX Font Info:    Overwriting math alphabet `\mathtt' in version `bold'
(Font)                  T1/cmtt/m/n --> T1/cmtt/bx/n on input line 73.

("C:\Program Files\MikTex\tex\latex\translator\translator-basic-dictionary-Engl
ish.dict"
Dictionary: translator-basic-dictionary, Language: English 
)
("C:\Program Files\MikTex\tex\latex\translator\translator-bibliography-dictiona
ry-English.dict"
Dictionary: translator-bibliography-dictionary, Language: English 
)
("C:\Program Files\MikTex\tex\latex\translator\translator-environment-dictionar
y-English.dict"
Dictionary: translator-environment-dictionary, Language: English 
)
("C:\Program Files\MikTex\tex\latex\translator\translator-months-dictionary-Eng
lish.dict"
Dictionary: translator-months-dictionary, Language: English 
)
("C:\Program Files\MikTex\tex\latex\translator\translator-numbers-dictionary-En
glish.dict"
Dictionary: translator-numbers-dictionary, Language: English 
)
("C:\Program Files\MikTex\tex\latex\translator\translator-theorem-dictionary-En
glish.dict"
Dictionary: translator-theorem-dictionary, Language: English 
) ("C:\Program Files\MikTex\tex\latex\oberdiek\pdflscape.sty"
Package: pdflscape 2016/05/14 v0.11 Display of landscape pages in PDF (HO)

("C:\Program Files\MikTex\tex\latex\graphics\lscape.sty"
Package: lscape 2000/10/22 v3.01 Landscape Pages (DPC)
)
Package pdflscape Info: Auto-detected driver: pdftex on input line 81.
)
Package caption Info: Begin \AtBeginDocument code.
Package caption Info: End \AtBeginDocument code.
LaTeX Info: Redefining \. on input line 73.
LaTeX Info: Redefining \% on input line 73.
 (presentacion.nav)
Overfull \hbox (1.38435pt too wide) in paragraph at lines 73--73
[][]  
 []

LaTeX Font Info:    Font shape `T1/phv/m/it' in size <8> not available
(Font)              Font shape `T1/phv/m/sl' tried instead on input line 83.

Overfull \hbox (1.38435pt too wide) has occurred while \output is active
[][] 
 []

[1{C:/Users/Cassagnes Andres/AppData/Local/MiKTeX/2.9/pdftex/config/pdftex.map}

]
\openout2 = `chapters/chapter_1.aux'.

 (chapters/chapter_1.tex
<./figures/freq_ort.png, id=160, 1037.8775pt x 223.83624pt>
File: ./figures/freq_ort.png Graphic file (type png)
<use ./figures/freq_ort.png>
Package pdftex.def Info: ./figures/freq_ort.png  used on input line 68.
(pdftex.def)             Requested size: 176.43684pt x 38.05165pt.
LaTeX Font Info:    Try loading font information for U+msa on input line 68.
 ("C:\Program Files\MikTex\tex\latex\amsfonts\umsa.fd"
File: umsa.fd 2013/01/14 v3.01 AMS symbols A
)
LaTeX Font Info:    Try loading font information for U+msb on input line 68.
 ("C:\Program Files\MikTex\tex\latex\amsfonts\umsb.fd"
File: umsb.fd 2013/01/14 v3.01 AMS symbols B
)
LaTeX Font Info:    Font shape `T1/phv/m/it' in size <6> not available
(Font)              Font shape `T1/phv/m/sl' tried instead on input line 68.
LaTeX Font Info:    Font shape `T1/phv/m/it' in size <5> not available
(Font)              Font shape `T1/phv/m/sl' tried instead on input line 68.

Overfull \hbox (1.38435pt too wide) has occurred while \output is active
[][] 
 []

[2


 <./figures/freq_ort.png>]
<./figures/freq_mux.png, id=203, 1036.87375pt x 225.84375pt>
File: ./figures/freq_mux.png Graphic file (type png)
<use ./figures/freq_mux.png>
Package pdftex.def Info: ./figures/freq_mux.png  used on input line 68.
(pdftex.def)             Requested size: 176.2662pt x 38.39291pt.

Overfull \hbox (1.38435pt too wide) has occurred while \output is active
[][] 
 []

[3

 <./figures/freq_mux.png>]
File: ./figures/freq_ort.png Graphic file (type png)
<use ./figures/freq_ort.png>
Package pdftex.def Info: ./figures/freq_ort.png  used on input line 68.
(pdftex.def)             Requested size: 176.43684pt x 38.05165pt.

Overfull \hbox (1.38435pt too wide) has occurred while \output is active
[][] 
 []

[4

]
File: ./figures/freq_ort.png Graphic file (type png)
<use ./figures/freq_ort.png>
Package pdftex.def Info: ./figures/freq_ort.png  used on input line 68.
(pdftex.def)             Requested size: 176.43684pt x 38.05165pt.

Overfull \hbox (1.38435pt too wide) has occurred while \output is active
[][] 
 []

[5

]
File: ./figures/freq_ort.png Graphic file (type png)
<use ./figures/freq_ort.png>
Package pdftex.def Info: ./figures/freq_ort.png  used on input line 68.
(pdftex.def)             Requested size: 176.43684pt x 38.05165pt.

Overfull \hbox (1.38435pt too wide) has occurred while \output is active
[][] 
 []

[6

]
<./figures/soft_mod.png, id=344, 495.8525pt x 154.5775pt>
File: ./figures/soft_mod.png Graphic file (type png)
<use ./figures/soft_mod.png>
Package pdftex.def Info: ./figures/soft_mod.png  used on input line 87.
(pdftex.def)             Requested size: 148.7569pt x 46.3736pt.

Overfull \hbox (1.38435pt too wide) has occurred while \output is active
[][] 
 []

[7

 <./figures/soft_mod.png>]
File: ./figures/soft_mod.png Graphic file (type png)
<use ./figures/soft_mod.png>
Package pdftex.def Info: ./figures/soft_mod.png  used on input line 87.
(pdftex.def)             Requested size: 148.7569pt x 46.3736pt.

Overfull \hbox (1.38435pt too wide) has occurred while \output is active
[][] 
 []

[8

]
File: ./figures/soft_mod.png Graphic file (type png)
<use ./figures/soft_mod.png>
Package pdftex.def Info: ./figures/soft_mod.png  used on input line 87.
(pdftex.def)             Requested size: 148.7569pt x 46.3736pt.

Overfull \hbox (1.38435pt too wide) has occurred while \output is active
[][] 
 []

[9

]
Overfull \hbox (1.38435pt too wide) has occurred while \output is active
[][] 
 []

[10

]
Overfull \hbox (1.38435pt too wide) has occurred while \output is active
[][] 
 []

[11

]
Overfull \hbox (1.38435pt too wide) has occurred while \output is active
[][] 
 []

[12

]
Overfull \hbox (1.38435pt too wide) has occurred while \output is active
[][] 
 []

[13

]
Overfull \hbox (1.38435pt too wide) has occurred while \output is active
[][] 
 []

[14

]
Overfull \hbox (1.38435pt too wide) has occurred while \output is active
[][] 
 []

[15

]
Overfull \hbox (1.38435pt too wide) has occurred while \output is active
[][] 
 []

[16

]
Overfull \hbox (1.38435pt too wide) has occurred while \output is active
[][] 
 []

[17

]
Overfull \hbox (1.38435pt too wide) has occurred while \output is active
[][] 
 []

[18

]
Overfull \hbox (1.38435pt too wide) has occurred while \output is active
[][] 
 []

[19

]
Overfull \hbox (1.38435pt too wide) has occurred while \output is active
[][] 
 []

[20

]
Overfull \hbox (1.38435pt too wide) has occurred while \output is active
[][] 
 []

[21

]
Overfull \hbox (1.38435pt too wide) has occurred while \output is active
[][] 
 []

[22

]
Overfull \hbox (1.38435pt too wide) has occurred while \output is active
[][] 
 []

[23

]
Overfull \hbox (1.38435pt too wide) has occurred while \output is active
[][] 
 []

[24

]
Overfull \hbox (1.38435pt too wide) has occurred while \output is active
[][] 
 []

[25

])
\openout2 = `chapters/chapter_2.aux'.

 (chapters/chapter_2.tex
Overfull \hbox (1.38435pt too wide) has occurred while \output is active
[][] 
 []

[26



]
<./figures/r2sBf.png, id=1062, 257.96375pt x 150.5625pt>
File: ./figures/r2sBf.png Graphic file (type png)
<use ./figures/r2sBf.png>
Package pdftex.def Info: ./figures/r2sBf.png  used on input line 40.
(pdftex.def)             Requested size: 96.73616pt x 56.46078pt.

Overfull \hbox (1.38435pt too wide) has occurred while \output is active
[][] 
 []

[27

 <./figures/r2sBf.png>]
File: ./figures/r2sBf.png Graphic file (type png)
<use ./figures/r2sBf.png>
Package pdftex.def Info: ./figures/r2sBf.png  used on input line 40.
(pdftex.def)             Requested size: 96.73616pt x 56.46078pt.

Overfull \hbox (1.38435pt too wide) has occurred while \output is active
[][] 
 []

[28

]
File: ./figures/r2sBf.png Graphic file (type png)
<use ./figures/r2sBf.png>
Package pdftex.def Info: ./figures/r2sBf.png  used on input line 40.
(pdftex.def)             Requested size: 96.73616pt x 56.46078pt.

Overfull \hbox (1.38435pt too wide) has occurred while \output is active
[][] 
 []

[29

]
File: ./figures/r2sBf.png Graphic file (type png)
<use ./figures/r2sBf.png>
Package pdftex.def Info: ./figures/r2sBf.png  used on input line 40.
(pdftex.def)             Requested size: 96.73616pt x 56.46078pt.

Overfull \hbox (1.38435pt too wide) has occurred while \output is active
[][] 
 []

[30

]
File: ./figures/r2sBf.png Graphic file (type png)
<use ./figures/r2sBf.png>
Package pdftex.def Info: ./figures/r2sBf.png  used on input line 40.
(pdftex.def)             Requested size: 96.73616pt x 56.46078pt.

Overfull \hbox (1.38435pt too wide) has occurred while \output is active
[][] 
 []

[31

]
File: ./figures/r2sBf.png Graphic file (type png)
<use ./figures/r2sBf.png>
Package pdftex.def Info: ./figures/r2sBf.png  used on input line 40.
(pdftex.def)             Requested size: 96.73616pt x 56.46078pt.

Overfull \hbox (1.38435pt too wide) has occurred while \output is active
[][] 
 []

[32

]
File: ./figures/r2sBf.png Graphic file (type png)
<use ./figures/r2sBf.png>
Package pdftex.def Info: ./figures/r2sBf.png  used on input line 40.
(pdftex.def)             Requested size: 96.73616pt x 56.46078pt.

Overfull \hbox (1.38435pt too wide) has occurred while \output is active
[][] 
 []

[33

]
File: ./figures/r2sBf.png Graphic file (type png)
<use ./figures/r2sBf.png>
Package pdftex.def Info: ./figures/r2sBf.png  used on input line 40.
(pdftex.def)             Requested size: 96.73616pt x 56.46078pt.

Overfull \hbox (1.38435pt too wide) has occurred while \output is active
[][] 
 []

[34

]
File: ./figures/r2sBf.png Graphic file (type png)
<use ./figures/r2sBf.png>
Package pdftex.def Info: ./figures/r2sBf.png  used on input line 40.
(pdftex.def)             Requested size: 96.73616pt x 56.46078pt.

Overfull \hbox (1.38435pt too wide) has occurred while \output is active
[][] 
 []

[35

]
File: ./figures/r2sBf.png Graphic file (type png)
<use ./figures/r2sBf.png>
Package pdftex.def Info: ./figures/r2sBf.png  used on input line 40.
(pdftex.def)             Requested size: 96.73616pt x 56.46078pt.

Overfull \hbox (1.38435pt too wide) has occurred while \output is active
[][] 
 []

[36

]
File: ./figures/r2sBf.png Graphic file (type png)
<use ./figures/r2sBf.png>
Package pdftex.def Info: ./figures/r2sBf.png  used on input line 40.
(pdftex.def)             Requested size: 96.73616pt x 56.46078pt.

Overfull \hbox (1.38435pt too wide) has occurred while \output is active
[][] 
 []

[37

])
\openout2 = `chapters/chapter_3.aux'.

 (chapters/chapter_3.tex
Overfull \hbox (1.38435pt too wide) has occurred while \output is active
[][] 
 []

[38



]
<./figures/r2_8_diag.png, id=1495, 424.422pt x 339.3405pt>
File: ./figures/r2_8_diag.png Graphic file (type png)
<use ./figures/r2_8_diag.png>
Package pdftex.def Info: ./figures/r2_8_diag.png  used on input line 40.
(pdftex.def)             Requested size: 118.83734pt x 95.01468pt.
<./figures/radix2blocks.png, id=1496, 570.13pt x 562.1pt>
File: ./figures/radix2blocks.png Graphic file (type png)
<use ./figures/radix2blocks.png>
Package pdftex.def Info: ./figures/radix2blocks.png  used on input line 40.
(pdftex.def)             Requested size: 131.12714pt x 129.28027pt.

Overfull \hbox (1.38435pt too wide) has occurred while \output is active
[][] 
 []

[39

 <./figures/r2_8_diag.png> <./figures/radix2blocks.png>]
File: ./figures/r2_8_diag.png Graphic file (type png)
<use ./figures/r2_8_diag.png>
Package pdftex.def Info: ./figures/r2_8_diag.png  used on input line 40.
(pdftex.def)             Requested size: 118.83734pt x 95.01468pt.
File: ./figures/radix2blocks.png Graphic file (type png)
<use ./figures/radix2blocks.png>
Package pdftex.def Info: ./figures/radix2blocks.png  used on input line 40.
(pdftex.def)             Requested size: 131.12714pt x 129.28027pt.

Overfull \hbox (1.38435pt too wide) has occurred while \output is active
[][] 
 []

[40

]
<./figures/r4_16.png, id=1570, 497.86pt x 369.38pt>
File: ./figures/r4_16.png Graphic file (type png)
<use ./figures/r4_16.png>
Package pdftex.def Info: ./figures/r4_16.png  used on input line 81.
(pdftex.def)             Requested size: 149.35915pt x 110.81485pt.
<./figures/radix4blocks.png, id=1571, 571.736pt x 568.9255pt>
File: ./figures/radix4blocks.png Graphic file (type png)
<use ./figures/radix4blocks.png>
Package pdftex.def Info: ./figures/radix4blocks.png  used on input line 81.
(pdftex.def)             Requested size: 131.4965pt x 130.85011pt.

Overfull \hbox (1.38435pt too wide) has occurred while \output is active
[][] 
 []

[41

 <./figures/r4_16.png> <./figures/radix4blocks.png>]
File: ./figures/r4_16.png Graphic file (type png)
<use ./figures/r4_16.png>
Package pdftex.def Info: ./figures/r4_16.png  used on input line 81.
(pdftex.def)             Requested size: 149.35915pt x 110.81485pt.
File: ./figures/radix4blocks.png Graphic file (type png)
<use ./figures/radix4blocks.png>
Package pdftex.def Info: ./figures/radix4blocks.png  used on input line 81.
(pdftex.def)             Requested size: 131.4965pt x 130.85011pt.

Overfull \hbox (1.38435pt too wide) has occurred while \output is active
[][] 
 []

[42

]
<./figures/datapathMem.png, id=1645, 594.2565pt x 476.982pt>
File: ./figures/datapathMem.png Graphic file (type png)
<use ./figures/datapathMem.png>
Package pdftex.def Info: ./figures/datapathMem.png  used on input line 134.
(pdftex.def)             Requested size: 163.4165pt x 131.16681pt.

Overfull \hbox (4.08112pt too wide) in paragraph at lines 134--134
 [] 
 []

<./figures/r4control.png, id=1646, 511.9125pt x 485.4135pt>
File: ./figures/r4control.png Graphic file (type png)
<use ./figures/r4control.png>
Package pdftex.def Info: ./figures/r4control.png  used on input line 134.
(pdftex.def)             Requested size: 139.24149pt x 132.03368pt.

Overfull \hbox (1.38435pt too wide) has occurred while \output is active
[][] 
 []

[43

 <./figures/datapathMem.png> <./figures/r4control.png>]
File: ./figures/datapathMem.png Graphic file (type png)
<use ./figures/datapathMem.png>
Package pdftex.def Info: ./figures/datapathMem.png  used on input line 134.
(pdftex.def)             Requested size: 163.4165pt x 131.16681pt.

Overfull \hbox (4.08112pt too wide) in paragraph at lines 134--134
 [] 
 []

File: ./figures/r4control.png Graphic file (type png)
<use ./figures/r4control.png>
Package pdftex.def Info: ./figures/r4control.png  used on input line 134.
(pdftex.def)             Requested size: 139.24149pt x 132.03368pt.

Overfull \hbox (1.38435pt too wide) has occurred while \output is active
[][] 
 []

[44

]
File: ./figures/datapathMem.png Graphic file (type png)
<use ./figures/datapathMem.png>
Package pdftex.def Info: ./figures/datapathMem.png  used on input line 134.
(pdftex.def)             Requested size: 163.4165pt x 131.16681pt.

Overfull \hbox (4.08112pt too wide) in paragraph at lines 134--134
 [] 
 []

File: ./figures/r4control.png Graphic file (type png)
<use ./figures/r4control.png>
Package pdftex.def Info: ./figures/r4control.png  used on input line 134.
(pdftex.def)             Requested size: 139.24149pt x 132.03368pt.

Overfull \hbox (1.38435pt too wide) has occurred while \output is active
[][] 
 []

[45

]
File: ./figures/datapathMem.png Graphic file (type png)
<use ./figures/datapathMem.png>
Package pdftex.def Info: ./figures/datapathMem.png  used on input line 134.
(pdftex.def)             Requested size: 163.4165pt x 131.16681pt.

Overfull \hbox (4.08112pt too wide) in paragraph at lines 134--134
 [] 
 []

File: ./figures/r4control.png Graphic file (type png)
<use ./figures/r4control.png>
Package pdftex.def Info: ./figures/r4control.png  used on input line 134.
(pdftex.def)             Requested size: 139.24149pt x 132.03368pt.

Overfull \hbox (1.38435pt too wide) has occurred while \output is active
[][] 
 []

[46

]
File: ./figures/datapathMem.png Graphic file (type png)
<use ./figures/datapathMem.png>
Package pdftex.def Info: ./figures/datapathMem.png  used on input line 134.
(pdftex.def)             Requested size: 163.4165pt x 131.16681pt.

Overfull \hbox (4.08112pt too wide) in paragraph at lines 134--134
 [] 
 []

File: ./figures/r4control.png Graphic file (type png)
<use ./figures/r4control.png>
Package pdftex.def Info: ./figures/r4control.png  used on input line 134.
(pdftex.def)             Requested size: 139.24149pt x 132.03368pt.

Overfull \hbox (1.38435pt too wide) has occurred while \output is active
[][] 
 []

[47

]
File: ./figures/datapathMem.png Graphic file (type png)
<use ./figures/datapathMem.png>
Package pdftex.def Info: ./figures/datapathMem.png  used on input line 134.
(pdftex.def)             Requested size: 163.4165pt x 131.16681pt.

Overfull \hbox (4.08112pt too wide) in paragraph at lines 134--134
 [] 
 []

File: ./figures/r4control.png Graphic file (type png)
<use ./figures/r4control.png>
Package pdftex.def Info: ./figures/r4control.png  used on input line 134.
(pdftex.def)             Requested size: 139.24149pt x 132.03368pt.

Overfull \hbox (1.38435pt too wide) has occurred while \output is active
[][] 
 []

[48

])
\openout2 = `chapters/chapter_4.aux'.

 (chapters/chapter_4.tex
Overfull \hbox (1.38435pt too wide) has occurred while \output is active
[][] 
 []

[49



]
Overfull \hbox (1.38435pt too wide) has occurred while \output is active
[][] 
 []

[50

]
Overfull \hbox (1.38435pt too wide) has occurred while \output is active
[][] 
 []

[51

]
Overfull \hbox (1.38435pt too wide) has occurred while \output is active
[][] 
 []

[52

]
Overfull \hbox (1.38435pt too wide) has occurred while \output is active
[][] 
 []

[53

]
Overfull \hbox (1.38435pt too wide) has occurred while \output is active
[][] 
 []

[54

]
Overfull \hbox (1.38435pt too wide) has occurred while \output is active
[][] 
 []

[55

]
<./figures/error_sim.png, id=2110, 254.916pt x 634.9905pt>
File: ./figures/error_sim.png Graphic file (type png)
<use ./figures/error_sim.png>
Package pdftex.def Info: ./figures/error_sim.png  used on input line 98.
(pdftex.def)             Requested size: 76.47537pt x 190.49861pt.
<./figures/norm1_1024_12.png, id=2111, 385.44pt x 289.08pt>
File: ./figures/norm1_1024_12.png Graphic file (type png)
<use ./figures/norm1_1024_12.png>
Package pdftex.def Info: ./figures/norm1_1024_12.png  used on input line 98.
(pdftex.def)             Requested size: 115.63289pt x 86.72466pt.
<./figures/norm1_r2_16_4096_mul.png, id=2112, 391.4625pt x 281.55188pt>
File: ./figures/norm1_r2_16_4096_mul.png Graphic file (type png)
<use ./figures/norm1_r2_16_4096_mul.png>
Package pdftex.def Info: ./figures/norm1_r2_16_4096_mul.png  used on input line
 98.
(pdftex.def)             Requested size: 117.43965pt x 84.4662pt.

Overfull \hbox (1.38435pt too wide) has occurred while \output is active
[][] 
 []

[56

 <./figures/error_sim.png> <./figures/norm1_1024_12.png (PNG copy)> <./figures/
norm1_r2_16_4096_mul.png (PNG copy)>]
LaTeX Font Info:    Font shape `T1/phv/bx/n' in size <8> not available
(Font)              Font shape `T1/phv/b/n' tried instead on input line 134.

Overfull \hbox (4.55153pt too wide) detected at line 134
[][][] [][][][][][][][][] [][][][][][][][][] [][][][][][][] 
 []


Overfull \hbox (1.38435pt too wide) has occurred while \output is active
[][] 
 []

[57

]
<./figures/thd_r2_4096_16_cor.png, id=2186, 1028.34187pt x 454.69875pt>
File: ./figures/thd_r2_4096_16_cor.png Graphic file (type png)
<use ./figures/thd_r2_4096_16_cor.png>
Package pdftex.def Info: ./figures/thd_r2_4096_16_cor.png  used on input line 2
14.
(pdftex.def)             Requested size: 174.8158pt x 77.29776pt.

Overfull \hbox (21.17087pt too wide) in paragraph at lines 214--214
 [] 
 []

<./figures/thd_r4_1024_16_mul.png, id=2187, 1028.34187pt x 454.69875pt>
File: ./figures/thd_r4_1024_16_mul.png Graphic file (type png)
<use ./figures/thd_r4_1024_16_mul.png>
Package pdftex.def Info: ./figures/thd_r4_1024_16_mul.png  used on input line 2
14.
(pdftex.def)             Requested size: 174.8158pt x 77.29776pt.

Overfull \hbox (21.17087pt too wide) in paragraph at lines 214--214
 [] 
 []

<./figures/thd_kiss_4096_16.png, id=2188, 1028.34187pt x 454.69875pt>
File: ./figures/thd_kiss_4096_16.png Graphic file (type png)
<use ./figures/thd_kiss_4096_16.png>
Package pdftex.def Info: ./figures/thd_kiss_4096_16.png  used on input line 214
.
(pdftex.def)             Requested size: 174.8158pt x 77.29776pt.

Overfull \hbox (21.17087pt too wide) in paragraph at lines 214--214
 [] 
 []

<./figures/thd_xilinx_r4_16_1024.png, id=2189, 1026.83624pt x 453.94594pt>
File: ./figures/thd_xilinx_r4_16_1024.png Graphic file (type png)
<use ./figures/thd_xilinx_r4_16_1024.png>
Package pdftex.def Info: ./figures/thd_xilinx_r4_16_1024.png  used on input lin
e 214.
(pdftex.def)             Requested size: 174.55984pt x 77.16978pt.

Overfull \hbox (20.91492pt too wide) in paragraph at lines 214--214
 [] 
 []


Overfull \hbox (1.38435pt too wide) has occurred while \output is active
[][] 
 []

[58

 <./figures/thd_r2_4096_16_cor.png (PNG copy)> <./figures/thd_r4_1024_16_mul.pn
g (PNG copy)> <./figures/thd_kiss_4096_16.png (PNG copy)> <./figures/thd_xilinx
_r4_16_1024.png (PNG copy)>]
<./figures/sizecomp1024.png, id=2225, 455.45157pt x 255.95625pt>
File: ./figures/sizecomp1024.png Graphic file (type png)
<use ./figures/sizecomp1024.png>
Package pdftex.def Info: ./figures/sizecomp1024.png  used on input line 352.
(pdftex.def)             Requested size: 327.92488pt x 184.28835pt.

Overfull \hbox (20.63501pt too wide) in paragraph at lines 352--352
 [] 
 []


Overfull \hbox (1.38435pt too wide) has occurred while \output is active
[][] 
 []

[59

 <./figures/sizecomp1024.png (PNG copy)>]
<./figures/sizecomp4096.png, id=2261, 455.45157pt x 255.95625pt>
File: ./figures/sizecomp4096.png Graphic file (type png)
<use ./figures/sizecomp4096.png>
Package pdftex.def Info: ./figures/sizecomp4096.png  used on input line 363.
(pdftex.def)             Requested size: 327.92488pt x 184.28835pt.

Overfull \hbox (20.63501pt too wide) in paragraph at lines 363--363
 [] 
 []


Overfull \hbox (1.38435pt too wide) has occurred while \output is active
[][] 
 []

[60

 <./figures/sizecomp4096.png (PNG copy)>]
Overfull \hbox (4.55153pt too wide) detected at line 454
[][][] [][][][][][][][][] [][][][][][][][][] [][][][][][][] 
 []


Overfull \hbox (1.38435pt too wide) has occurred while \output is active
[][] 
 []

[61

]
Overfull \hbox (4.55153pt too wide) detected at line 454
[][][] [][][][][][][][][] [][][][][][][][][] [][][][][][][] 
 []


Overfull \hbox (1.38435pt too wide) has occurred while \output is active
[][] 
 []

[62

]
Overfull \hbox (4.55153pt too wide) detected at line 454
[][][] [][][][][][][][][] [][][][][][][][][] [][][][][][][] 
 []


Overfull \hbox (1.38435pt too wide) has occurred while \output is active
[][] 
 []

[63

])
Overfull \hbox (1.38435pt too wide) has occurred while \output is active
[][] 
 []

[64


]
Overfull \hbox (1.38435pt too wide) has occurred while \output is active
[][] 
 []

[65

]
Overfull \hbox (1.38435pt too wide) has occurred while \output is active
[][] 
 []

[66

]
Overfull \hbox (1.38435pt too wide) has occurred while \output is active
[][] 
 []

[67

]
Overfull \hbox (1.38435pt too wide) has occurred while \output is active
[][] 
 []

[68

]
Overfull \hbox (1.38435pt too wide) has occurred while \output is active
[][] 
 []

[69

]
Overfull \hbox (1.38435pt too wide) has occurred while \output is active
[][] 
 []

[70

]
Overfull \hbox (1.38435pt too wide) has occurred while \output is active
[][] 
 []

[71

]
Overfull \hbox (1.38435pt too wide) has occurred while \output is active
[][] 
 []

[72

]
Overfull \hbox (1.38435pt too wide) has occurred while \output is active
[][] 
 []

[73

]
Overfull \hbox (1.38435pt too wide) has occurred while \output is active
[][] 
 []

[74

]
Overfull \hbox (1.38435pt too wide) has occurred while \output is active
[][] 
 []

[75

]
Overfull \hbox (1.38435pt too wide) has occurred while \output is active
[][] 
 []

[76

]
LaTeX Font Info:    Font shape `T1/phv/m/it' in size <9> not available
(Font)              Font shape `T1/phv/m/sl' tried instead on input line 144.

Overfull \hbox (1.38435pt too wide) has occurred while \output is active
[][] 
 []

[77

]
Overfull \hbox (1.38435pt too wide) has occurred while \output is active
[][] 
 []

[78

]
Overfull \hbox (1.38435pt too wide) has occurred while \output is active
[][] 
 []

[79

]
Overfull \hbox (1.38435pt too wide) has occurred while \output is active
[][] 
 []

[80

]
Overfull \hbox (1.38435pt too wide) has occurred while \output is active
[][] 
 []

[81

]
\tf@nav=\write8
\openout8 = `presentacion.nav'.

\tf@toc=\write9
\openout9 = `presentacion.toc'.

\tf@snm=\write10
\openout10 = `presentacion.snm'.

Package atveryend Info: Empty hook `BeforeClearDocument' on input line 173.
Package atveryend Info: Empty hook `AfterLastShipout' on input line 173.
 (presentacion.aux
LaTeX Info: Redefining \. on input line 23.
LaTeX Info: Redefining \% on input line 23.
 (chapters/chapter_1.aux) (chapters/chapter_2.aux)
(chapters/chapter_3.aux) (chapters/chapter_4.aux))
Package atveryend Info: Executing hook `AtVeryEndDocument' on input line 173.
Package atveryend Info: Executing hook `AtEndAfterFileList' on input line 173.
Package rerunfilecheck Info: File `presentacion.out' has not changed.
(rerunfilecheck)             Checksum: F0ED419D70F7F1B9274EF51DFEE00524;930.
 ) 
Here is how much of TeX's memory you used:
 26187 strings out of 492973
 521314 string characters out of 3137657
 667209 words of memory out of 3000000
 29287 multiletter control sequences out of 15000+200000
 45503 words of font info for 57 fonts, out of 3000000 for 9000
 1142 hyphenation exceptions out of 8191
 62i,20n,85p,782b,769s stack positions out of 5000i,500n,10000p,200000b,50000s
{C:/Program Files/MikTex/fonts/enc/dvips/base/8r.enc}<C:/Program Files/MikTex
/fonts/type1/public/amsfonts/cmextra/cmex8.pfb><C:/Program Files/MikTex/fonts/t
ype1/public/amsfonts/cm/cmmi6.pfb><C:/Program Files/MikTex/fonts/type1/public/a
msfonts/cm/cmmi8.pfb><C:/Program Files/MikTex/fonts/type1/public/amsfonts/cm/cm
ss8.pfb><C:/Program Files/MikTex/fonts/type1/public/amsfonts/cm/cmsy6.pfb><C:/P
rogram Files/MikTex/fonts/type1/public/amsfonts/cm/cmsy8.pfb><C:/Program Files/
MikTex/fonts/type1/urw/helvetic/uhvb8a.pfb><C:/Program Files/MikTex/fonts/type1
/urw/helvetic/uhvr8a.pfb><C:/Program Files/MikTex/fonts/type1/urw/helvetic/uhvr
o8a.pfb>
Output written on presentacion.pdf (81 pages, 1583649 bytes).
PDF statistics:
 3120 PDF objects out of 3580 (max. 8388607)
 177 named destinations out of 1000 (max. 500000)
 250 words of extra memory for PDF output out of 10000 (max. 10000000)

